{
  "RSpec": {
    "coverage": {
      "/Users/margaridamartelo/Projects/bank-tech-test/spec/account_spec.rb": {
        "lines": [
          1,
          null,
          1,
          1,
          1,
          1,
          null,
          null,
          1,
          1,
          1,
          1,
          null,
          null,
          1,
          1,
          1,
          1,
          1,
          null,
          null,
          1,
          1,
          1,
          2,
          null,
          null
        ]
      },
      "/Users/margaridamartelo/Projects/bank-tech-test/lib/account.rb": {
        "lines": [
          1,
          null,
          1,
          null,
          1,
          null,
          1,
          4,
          4,
          null,
          null,
          1,
          3,
          3,
          3,
          null,
          null,
          1,
          2,
          1,
          1,
          1,
          null,
          1,
          null,
          null,
          null
        ]
      },
      "/Users/margaridamartelo/Projects/bank-tech-test/lib/transaction.rb": {
        "lines": [
          1,
          null,
          1,
          null,
          1,
          5,
          5,
          5,
          5,
          null,
          null
        ]
      },
      "/Users/margaridamartelo/Projects/bank-tech-test/spec/transaction_spec.rb": {
        "lines": [
          1,
          null,
          1,
          1,
          1,
          1,
          null,
          null
        ]
      }
    },
    "timestamp": 1610465204
  }
}
